<?xml version="1.0" encoding="UTF-8"?>
<!-- Generated by org.testng.reporters.JUnitXMLReporter -->
<testsuite ignored="0" hostname="Suhas" failures="2" tests="3" name="Default test" time="6.238" errors="0" timestamp="2025-01-22T11:44:17 IST">
  <testcase classname="io.cucumber.testng.AbstractTestNGCucumberTests" name="runScenario" time="3.319"/>
  <testcase classname="io.cucumber.testng.AbstractTestNGCucumberTests" name="runScenario" time="3.729">
    <failure type="java.lang.NullPointerException" message="Cannot invoke &amp;quot;pageObjects.LoginPage.EnterEmail(String)&amp;quot; because &amp;quot;stepDefination.LogInSteps.loginpage&amp;quot; is null">
      <![CDATA[java.lang.NullPointerException: Cannot invoke "pageObjects.LoginPage.EnterEmail(String)" because "stepDefination.LogInSteps.loginpage" is null
at stepDefination.LogInSteps.EnterValidCreds(LogInSteps.java:41)
at ✽.I enter the valid email "<email>" and password "<password>"(file:///C:/Users/SuhasSambhajiBhagat/OneDrive%20-%20Kerv/Documents/Workspace%20Eclipse%20Java/TSAProject/src/test/resources/features/LogIn.feature:6)
]]>
    </failure>
  </testcase> <!-- runScenario -->
  <testcase classname="io.cucumber.testng.AbstractTestNGCucumberTests" name="runScenario" time="3.734">
    <failure type="java.lang.NullPointerException" message="Cannot invoke &amp;quot;pageObjects.RegistrationPage.setFirstName(String)&amp;quot; because &amp;quot;stepDefination.RegistrationSteps.registrationPage&amp;quot; is null">
      <![CDATA[java.lang.NullPointerException: Cannot invoke "pageObjects.RegistrationPage.setFirstName(String)" because "stepDefination.RegistrationSteps.registrationPage" is null
at stepDefination.RegistrationSteps.FillRegDetails(RegistrationSteps.java:51)
at ✽.I fill in the registration details(file:///C:/Users/SuhasSambhajiBhagat/OneDrive%20-%20Kerv/Documents/Workspace%20Eclipse%20Java/TSAProject/src/test/resources/features/Registration.feature:7)
]]>
    </failure>
  </testcase> <!-- runScenario -->
</testsuite> <!-- Default test -->
